SF:lib/src/dtos/current/current_response.dart
DA:6,1
DA:10,1
DA:11,3
DA:14,1
DA:15,2
DA:16,2
LF:6
LH:6
end_of_record
SF:lib/src/dtos/weather/weather_response.dart
DA:7,1
DA:13,1
DA:14,1
DA:15,1
DA:16,1
DA:17,1
DA:18,1
LF:7
LH:7
end_of_record
SF:lib/src/dtos/forecast/forecast_response.dart
DA:6,1
DA:10,1
DA:11,3
DA:14,1
DA:16,4
DA:25,1
DA:30,1
DA:31,2
DA:34,1
DA:35,1
DA:36,2
DA:37,2
DA:40,1
DA:42,4
LF:14
LH:14
end_of_record
SF:lib/src/providers/base/base_provider.dart
DA:6,1
DA:8,1
DA:9,2
LF:3
LH:3
end_of_record
SF:lib/src/providers/weather/weather_provider.dart
DA:17,2
DA:19,0
DA:20,0
DA:21,0
DA:23,0
DA:28,1
DA:32,2
DA:33,2
DA:36,1
DA:40,2
DA:41,2
LF:11
LH:7
end_of_record
